0001/01/01 00:00:00.000  [M] [log.go:191]  [HTTP] http: superfluous response.WriteHeader call from github.com/beego/beego/v2/server/web/context.(*Response).WriteHeader (context.go:230)
2021/09/16 22:00:33.871  [I] [parser.go:413]  generate router from comments
2021/09/16 22:00:33.872  [I] [server.go:241]  http server Running on http://:8080
2021/09/16 22:00:35.387  [I] [parser.go:85]  /home/sheena/code/learn/go/base-project/app/controllers no changed
2021/09/16 22:00:35.388  [I] [server.go:241]  http server Running on http://:8080
2021/09/16 22:00:44.074  [I] [parser.go:413]  generate router from comments
2021/09/16 22:00:44.075  [I] [server.go:241]  http server Running on http://:8080
2021/09/16 22:00:48.498  [I] [parser.go:85]  /home/sheena/code/learn/go/base-project/app/controllers no changed
2021/09/16 22:00:48.501  [I] [server.go:241]  http server Running on http://:8080
2021/09/16 22:00:48.904  [C] [config.go:190]  the request url is  /v1/students
2021/09/16 22:00:48.904  [C] [config.go:191]  Handler crashed with error can't find templatefile in the path:views/studentcontroller/create.tpl
2021/09/16 22:00:48.904  [C] [config.go:197]  /usr/local/go/src/runtime/panic.go:965
2021/09/16 22:00:48.904  [C] [config.go:197]  /home/sheena/go/pkg/mod/github.com/beego/beego/v2@v2.0.1/server/web/template.go:75
2021/09/16 22:00:48.904  [C] [config.go:197]  /home/sheena/go/pkg/mod/github.com/beego/beego/v2@v2.0.1/server/web/controller.go:311
2021/09/16 22:00:48.904  [C] [config.go:197]  /home/sheena/go/pkg/mod/github.com/beego/beego/v2@v2.0.1/server/web/controller.go:262
2021/09/16 22:00:48.904  [C] [config.go:197]  /home/sheena/go/pkg/mod/github.com/beego/beego/v2@v2.0.1/server/web/controller.go:239
2021/09/16 22:00:48.904  [C] [config.go:197]  /home/sheena/go/pkg/mod/github.com/beego/beego/v2@v2.0.1/server/web/router.go:895
2021/09/16 22:00:48.904  [C] [config.go:197]  /home/sheena/go/pkg/mod/github.com/beego/beego/v2@v2.0.1/server/web/filter.go:81
2021/09/16 22:00:48.904  [C] [config.go:197]  /home/sheena/go/pkg/mod/github.com/beego/beego/v2@v2.0.1/server/web/router.go:664
2021/09/16 22:00:48.904  [C] [config.go:197]  /usr/local/go/src/net/http/server.go:2867
2021/09/16 22:00:48.904  [C] [config.go:197]  /usr/local/go/src/net/http/server.go:1932
2021/09/16 22:00:48.904  [C] [config.go:197]  /usr/local/go/src/runtime/asm_amd64.s:1371
0001/01/01 00:00:00.000  [M] [log.go:191]  [HTTP] http: superfluous response.WriteHeader call from github.com/beego/beego/v2/server/web/context.(*Response).WriteHeader (context.go:230)
2021/09/16 22:01:31.984  [I] [parser.go:413]  generate router from comments
2021/09/16 22:01:31.984  [I] [server.go:241]  http server Running on http://:8080
2021/09/16 22:01:33.519  [I] [parser.go:85]  /home/sheena/code/learn/go/base-project/app/controllers no changed
2021/09/16 22:01:33.519  [I] [server.go:241]  http server Running on http://:8080
2021/09/16 22:01:36.108  [D] [router.go:955]  |      127.0.0.1|[97;42m 200 [0m|    115.055µs|   match|[97;46m POST    [0m /v1/students   r:/v1/students/
2021/09/16 22:01:50.215  [I] [parser.go:413]  generate router from comments
2021/09/16 22:01:50.217  [I] [server.go:241]  http server Running on http://:8080
2021/09/16 22:01:51.762  [I] [parser.go:85]  /home/sheena/code/learn/go/base-project/app/controllers no changed
2021/09/16 22:01:51.762  [I] [server.go:241]  http server Running on http://:8080
2021/09/16 22:05:06.375  [I] [parser.go:85]  /home/sheena/code/learn/go/base-project/app/controllers no changed
2021/09/16 22:05:06.375  [I] [server.go:241]  http server Running on http://:8080
2021/09/16 22:06:14.727  [I] [parser.go:85]  /home/sheena/code/learn/go/base-project/app/controllers no changed
2021/09/16 22:06:14.727  [I] [server.go:241]  http server Running on http://:8080
2021/09/16 22:08:02.677  [I] [parser.go:85]  /home/sheena/code/learn/go/base-project/app/controllers no changed
2021/09/16 22:08:02.677  [I] [server.go:241]  http server Running on http://:8080
2021/09/16 22:08:12.808  [I] [parser.go:85]  /home/sheena/code/learn/go/base-project/app/controllers no changed
2021/09/16 22:08:12.808  [I] [server.go:241]  http server Running on http://:8080
2021/09/16 22:08:49.495  [I] [parser.go:85]  /home/sheena/code/learn/go/base-project/app/controllers no changed
2021/09/16 22:08:49.495  [I] [server.go:241]  http server Running on http://:8080
2021/09/16 22:09:50.216  [I] [parser.go:85]  /home/sheena/code/learn/go/base-project/app/controllers no changed
2021/09/16 22:09:50.216  [I] [server.go:241]  http server Running on http://:8080
2021/09/16 22:10:15.536  [I] [parser.go:85]  /home/sheena/code/learn/go/base-project/app/controllers no changed
2021/09/16 22:10:15.536  [I] [server.go:241]  http server Running on http://:8080
2021/09/16 22:11:36.270  [I] [parser.go:85]  /home/sheena/code/learn/go/base-project/app/controllers no changed
2021/09/16 22:11:36.270  [I] [server.go:241]  http server Running on http://:8080
2021/09/16 22:11:58.847  [I] [parser.go:413]  generate router from comments
2021/09/16 22:11:58.848  [I] [server.go:241]  http server Running on http://:8080
2021/09/16 22:12:00.404  [I] [parser.go:85]  /home/sheena/code/learn/go/base-project/app/controllers no changed
2021/09/16 22:12:00.404  [I] [server.go:241]  http server Running on http://:8080
2021/09/16 22:12:55.928  [I] [parser.go:413]  generate router from comments
2021/09/16 22:12:55.928  [I] [server.go:241]  http server Running on http://:8080
2021/09/16 22:12:57.448  [I] [parser.go:85]  /home/sheena/code/learn/go/base-project/app/controllers no changed
2021/09/16 22:12:57.449  [I] [server.go:241]  http server Running on http://:8080
2021/09/16 22:17:51.401  [I] [parser.go:413]  generate router from comments
2021/09/16 22:17:51.402  [I] [server.go:241]  http server Running on http://:8080
2021/09/16 22:17:52.952  [I] [parser.go:85]  /home/sheena/code/learn/go/base-project/app/controllers no changed
2021/09/16 22:17:52.952  [I] [server.go:241]  http server Running on http://:8080
2021/09/16 22:18:11.407  [I] [parser.go:413]  generate router from comments
2021/09/16 22:18:11.407  [I] [server.go:241]  http server Running on http://:8080
2021/09/16 22:18:12.953  [I] [parser.go:85]  /home/sheena/code/learn/go/base-project/app/controllers no changed
2021/09/16 22:18:12.953  [I] [server.go:241]  http server Running on http://:8080
2021/09/16 22:18:29.696  [I] [parser.go:85]  /home/sheena/code/learn/go/base-project/app/controllers no changed
2021/09/16 22:18:29.696  [I] [server.go:241]  http server Running on http://:8080
2021/09/16 22:18:54.785  [D] [router.go:955]  |      127.0.0.1|[97;42m 200 [0m|   1.434818ms|   match|[97;44m GET     [0m /v1/students   r:/v1/students/
2021/09/16 22:20:22.749  [I] [parser.go:413]  generate router from comments
2021/09/16 22:20:22.749  [I] [server.go:241]  http server Running on http://:8080
2021/09/16 22:20:24.350  [I] [parser.go:85]  /home/sheena/code/learn/go/base-project/app/controllers no changed
2021/09/16 22:20:24.350  [I] [server.go:241]  http server Running on http://:8080
2021/09/16 22:20:24.359  [D] [router.go:955]  |      127.0.0.1|[97;42m 200 [0m|   1.378611ms|   match|[97;44m GET     [0m /v1/students   r:/v1/students/
2021/09/16 22:20:59.135  [I] [parser.go:85]  /home/sheena/code/learn/go/base-project/app/controllers no changed
2021/09/16 22:20:59.135  [I] [server.go:241]  http server Running on http://:8080
2021/09/16 22:21:01.762  [D] [router.go:955]  |      127.0.0.1|[97;42m 200 [0m|    3.05439ms|   match|[97;44m GET     [0m /v1/students   r:/v1/students/
2021/09/16 22:21:16.812  [I] [parser.go:413]  generate router from comments
2021/09/16 22:21:16.816  [I] [server.go:241]  http server Running on http://:8080
2021/09/16 22:21:17.023  [D] [router.go:955]  |      127.0.0.1|[97;42m 200 [0m|   2.148632ms|   match|[97;44m GET     [0m /v1/students   r:/v1/students/
2021/09/16 22:21:18.317  [I] [parser.go:85]  /home/sheena/code/learn/go/base-project/app/controllers no changed
2021/09/16 22:21:18.318  [I] [server.go:241]  http server Running on http://:8080
2021/09/16 22:36:52.789  [I] [parser.go:413]  generate router from comments
2021/09/16 22:36:52.790  [I] [server.go:241]  http server Running on http://:8080
2021/09/16 22:36:54.437  [I] [parser.go:85]  /home/sheena/code/learn/go/base-project/app/controllers no changed
2021/09/16 22:36:54.437  [I] [server.go:241]  http server Running on http://:8080
2021/09/16 22:39:00.173  [I] [parser.go:413]  generate router from comments
2021/09/16 22:39:00.174  [I] [server.go:241]  http server Running on http://:8080
2021/09/16 22:39:01.852  [I] [parser.go:85]  /home/sheena/code/learn/go/base-project/app/controllers no changed
2021/09/16 22:39:01.852  [I] [server.go:241]  http server Running on http://:8080
2021/09/16 22:39:32.992  [I] [parser.go:413]  generate router from comments
2021/09/16 22:39:32.992  [I] [server.go:241]  http server Running on http://:8080
2021/09/16 22:39:34.503  [I] [parser.go:85]  /home/sheena/code/learn/go/base-project/app/controllers no changed
2021/09/16 22:39:34.504  [I] [server.go:241]  http server Running on http://:8080
2021/09/16 22:40:01.264  [I] [parser.go:413]  generate router from comments
2021/09/16 22:40:01.264  [I] [server.go:241]  http server Running on http://:8080
2021/09/16 22:40:02.824  [I] [parser.go:85]  /home/sheena/code/learn/go/base-project/app/controllers no changed
2021/09/16 22:40:02.824  [I] [server.go:241]  http server Running on http://:8080
2021/09/16 22:41:01.880  [I] [parser.go:413]  generate router from comments
2021/09/16 22:41:01.881  [I] [server.go:241]  http server Running on http://:8080
2021/09/16 22:41:03.457  [I] [parser.go:85]  /home/sheena/code/learn/go/base-project/app/controllers no changed
2021/09/16 22:41:03.458  [I] [server.go:241]  http server Running on http://:8080
2021/09/16 22:41:04.450  [C] [config.go:190]  the request url is  /v1/students
2021/09/16 22:41:04.450  [C] [config.go:191]  Handler crashed with error invalid WriteHeader code 1
2021/09/16 22:41:04.450  [C] [config.go:197]  /usr/local/go/src/runtime/panic.go:965
2021/09/16 22:41:04.450  [C] [config.go:197]  /usr/local/go/src/net/http/server.go:1092
2021/09/16 22:41:04.450  [C] [config.go:197]  /usr/local/go/src/net/http/server.go:1126
2021/09/16 22:41:04.450  [C] [config.go:197]  /home/sheena/go/pkg/mod/github.com/beego/beego/v2@v2.0.1/server/web/context/context.go:230
2021/09/16 22:41:04.450  [C] [config.go:197]  /home/sheena/go/pkg/mod/github.com/beego/beego/v2@v2.0.1/server/web/context/output.go:79
2021/09/16 22:41:04.450  [C] [config.go:197]  /home/sheena/go/pkg/mod/github.com/beego/beego/v2@v2.0.1/server/web/context/output.go:204
2021/09/16 22:41:04.450  [C] [config.go:197]  /home/sheena/go/pkg/mod/github.com/beego/beego/v2@v2.0.1/server/web/controller.go:386
2021/09/16 22:41:04.450  [C] [config.go:197]  /home/sheena/code/learn/go/base-project/app/controllers/base.go:41
2021/09/16 22:41:04.450  [C] [config.go:197]  /home/sheena/code/learn/go/base-project/app/controllers/students.go:25
2021/09/16 22:41:04.450  [C] [config.go:197]  /usr/local/go/src/reflect/value.go:476
2021/09/16 22:41:04.450  [C] [config.go:197]  /usr/local/go/src/reflect/value.go:337
2021/09/16 22:41:04.450  [C] [config.go:197]  /home/sheena/go/pkg/mod/github.com/beego/beego/v2@v2.0.1/server/web/router.go:883
2021/09/16 22:41:04.450  [C] [config.go:197]  /home/sheena/go/pkg/mod/github.com/beego/beego/v2@v2.0.1/server/web/filter.go:81
2021/09/16 22:41:04.450  [C] [config.go:197]  /home/sheena/go/pkg/mod/github.com/beego/beego/v2@v2.0.1/server/web/router.go:664
2021/09/16 22:41:04.450  [C] [config.go:197]  /usr/local/go/src/net/http/server.go:2867
2021/09/16 22:41:04.450  [C] [config.go:197]  /usr/local/go/src/net/http/server.go:1932
2021/09/16 22:41:04.450  [C] [config.go:197]  /usr/local/go/src/runtime/asm_amd64.s:1371
2021/09/16 22:41:14.851  [I] [parser.go:413]  generate router from comments
2021/09/16 22:41:14.854  [I] [server.go:241]  http server Running on http://:8080
2021/09/16 22:41:16.465  [I] [parser.go:85]  /home/sheena/code/learn/go/base-project/app/controllers no changed
2021/09/16 22:41:16.465  [I] [server.go:241]  http server Running on http://:8080
2021/09/16 22:42:12.125  [I] [parser.go:413]  generate router from comments
2021/09/16 22:42:12.126  [I] [server.go:241]  http server Running on http://:8080
2021/09/16 22:42:13.665  [I] [parser.go:85]  /home/sheena/code/learn/go/base-project/app/controllers no changed
2021/09/16 22:42:13.668  [I] [server.go:241]  http server Running on http://:8080
2021/09/16 22:42:30.899  [C] [config.go:190]  the request url is  /v1/students
2021/09/16 22:42:30.899  [C] [config.go:191]  Handler crashed with error invalid WriteHeader code 1
2021/09/16 22:42:30.899  [C] [config.go:197]  /usr/local/go/src/runtime/panic.go:965
2021/09/16 22:42:30.899  [C] [config.go:197]  /usr/local/go/src/net/http/server.go:1092
2021/09/16 22:42:30.899  [C] [config.go:197]  /usr/local/go/src/net/http/server.go:1126
2021/09/16 22:42:30.899  [C] [config.go:197]  /home/sheena/go/pkg/mod/github.com/beego/beego/v2@v2.0.1/server/web/context/context.go:230
2021/09/16 22:42:30.900  [C] [config.go:197]  /home/sheena/go/pkg/mod/github.com/beego/beego/v2@v2.0.1/server/web/context/output.go:79
2021/09/16 22:42:30.900  [C] [config.go:197]  /home/sheena/go/pkg/mod/github.com/beego/beego/v2@v2.0.1/server/web/context/output.go:204
2021/09/16 22:42:30.900  [C] [config.go:197]  /home/sheena/go/pkg/mod/github.com/beego/beego/v2@v2.0.1/server/web/controller.go:386
2021/09/16 22:42:30.900  [C] [config.go:197]  /home/sheena/code/learn/go/base-project/app/controllers/base.go:41
2021/09/16 22:42:30.900  [C] [config.go:197]  /home/sheena/code/learn/go/base-project/app/controllers/students.go:27
2021/09/16 22:42:30.900  [C] [config.go:197]  /usr/local/go/src/reflect/value.go:476
2021/09/16 22:42:30.900  [C] [config.go:197]  /usr/local/go/src/reflect/value.go:337
2021/09/16 22:42:30.900  [C] [config.go:197]  /home/sheena/go/pkg/mod/github.com/beego/beego/v2@v2.0.1/server/web/router.go:883
2021/09/16 22:42:30.900  [C] [config.go:197]  /home/sheena/go/pkg/mod/github.com/beego/beego/v2@v2.0.1/server/web/filter.go:81
2021/09/16 22:42:30.900  [C] [config.go:197]  /home/sheena/go/pkg/mod/github.com/beego/beego/v2@v2.0.1/server/web/router.go:664
2021/09/16 22:42:30.900  [C] [config.go:197]  /usr/local/go/src/net/http/server.go:2867
2021/09/16 22:42:30.900  [C] [config.go:197]  /usr/local/go/src/net/http/server.go:1932
2021/09/16 22:42:30.900  [C] [config.go:197]  /usr/local/go/src/runtime/asm_amd64.s:1371
2021/09/16 22:42:34.228  [I] [parser.go:413]  generate router from comments
2021/09/16 22:42:34.228  [I] [server.go:241]  http server Running on http://:8080
2021/09/16 22:42:35.828  [I] [parser.go:85]  /home/sheena/code/learn/go/base-project/app/controllers no changed
2021/09/16 22:42:35.828  [I] [server.go:241]  http server Running on http://:8080
2021/09/16 22:42:37.515  [D] [router.go:955]  |      127.0.0.1|[97;42m 200 [0m|   1.705786ms|   match|[97;44m GET     [0m /v1/students   r:/v1/students/
2021/09/16 22:43:00.058  [I] [parser.go:413]  generate router from comments
2021/09/16 22:43:00.059  [I] [server.go:241]  http server Running on http://:8080
2021/09/16 22:43:01.650  [I] [parser.go:85]  /home/sheena/code/learn/go/base-project/app/controllers no changed
2021/09/16 22:43:01.651  [I] [server.go:241]  http server Running on http://:8080
2021/09/16 22:43:21.020  [I] [parser.go:413]  generate router from comments
2021/09/16 22:43:21.020  [I] [server.go:241]  http server Running on http://:8080
2021/09/16 22:43:22.579  [I] [parser.go:85]  /home/sheena/code/learn/go/base-project/app/controllers no changed
2021/09/16 22:43:22.579  [I] [server.go:241]  http server Running on http://:8080
2021/09/16 22:43:26.485  [C] [config.go:190]  the request url is  /v1/students
2021/09/16 22:43:26.485  [C] [config.go:191]  Handler crashed with error invalid WriteHeader code 1
2021/09/16 22:43:26.485  [C] [config.go:197]  /usr/local/go/src/runtime/panic.go:965
2021/09/16 22:43:26.485  [C] [config.go:197]  /usr/local/go/src/net/http/server.go:1092
2021/09/16 22:43:26.486  [C] [config.go:197]  /usr/local/go/src/net/http/server.go:1126
2021/09/16 22:43:26.486  [C] [config.go:197]  /home/sheena/go/pkg/mod/github.com/beego/beego/v2@v2.0.1/server/web/context/context.go:230
2021/09/16 22:43:26.486  [C] [config.go:197]  /home/sheena/go/pkg/mod/github.com/beego/beego/v2@v2.0.1/server/web/context/output.go:79
2021/09/16 22:43:26.486  [C] [config.go:197]  /home/sheena/go/pkg/mod/github.com/beego/beego/v2@v2.0.1/server/web/context/output.go:204
2021/09/16 22:43:26.486  [C] [config.go:197]  /home/sheena/go/pkg/mod/github.com/beego/beego/v2@v2.0.1/server/web/controller.go:386
2021/09/16 22:43:26.486  [C] [config.go:197]  /home/sheena/code/learn/go/base-project/app/controllers/base.go:41
2021/09/16 22:43:26.486  [C] [config.go:197]  /home/sheena/code/learn/go/base-project/app/controllers/students.go:27
2021/09/16 22:43:26.486  [C] [config.go:197]  /usr/local/go/src/reflect/value.go:476
2021/09/16 22:43:26.486  [C] [config.go:197]  /usr/local/go/src/reflect/value.go:337
2021/09/16 22:43:26.486  [C] [config.go:197]  /home/sheena/go/pkg/mod/github.com/beego/beego/v2@v2.0.1/server/web/router.go:883
2021/09/16 22:43:26.486  [C] [config.go:197]  /home/sheena/go/pkg/mod/github.com/beego/beego/v2@v2.0.1/server/web/filter.go:81
2021/09/16 22:43:26.486  [C] [config.go:197]  /home/sheena/go/pkg/mod/github.com/beego/beego/v2@v2.0.1/server/web/router.go:664
2021/09/16 22:43:26.486  [C] [config.go:197]  /usr/local/go/src/net/http/server.go:2867
2021/09/16 22:43:26.486  [C] [config.go:197]  /usr/local/go/src/net/http/server.go:1932
2021/09/16 22:43:26.486  [C] [config.go:197]  /usr/local/go/src/runtime/asm_amd64.s:1371
2021/09/16 22:43:40.622  [I] [parser.go:85]  /home/sheena/code/learn/go/base-project/app/controllers no changed
2021/09/16 22:43:40.622  [I] [server.go:241]  http server Running on http://:8080
2021/09/16 22:44:00.855  [C] [config.go:190]  the request url is  /v1/students
2021/09/16 22:44:00.855  [C] [config.go:191]  Handler crashed with error invalid WriteHeader code 1
2021/09/16 22:44:00.855  [C] [config.go:197]  /usr/local/go/src/runtime/panic.go:965
2021/09/16 22:44:00.855  [C] [config.go:197]  /usr/local/go/src/net/http/server.go:1092
2021/09/16 22:44:00.855  [C] [config.go:197]  /usr/local/go/src/net/http/server.go:1126
2021/09/16 22:44:00.855  [C] [config.go:197]  /home/sheena/go/pkg/mod/github.com/beego/beego/v2@v2.0.1/server/web/context/context.go:230
2021/09/16 22:44:00.855  [C] [config.go:197]  /home/sheena/go/pkg/mod/github.com/beego/beego/v2@v2.0.1/server/web/context/output.go:79
2021/09/16 22:44:00.855  [C] [config.go:197]  /home/sheena/go/pkg/mod/github.com/beego/beego/v2@v2.0.1/server/web/context/output.go:204
2021/09/16 22:44:00.855  [C] [config.go:197]  /home/sheena/go/pkg/mod/github.com/beego/beego/v2@v2.0.1/server/web/controller.go:386
2021/09/16 22:44:00.855  [C] [config.go:197]  /home/sheena/code/learn/go/base-project/app/controllers/base.go:41
2021/09/16 22:44:00.855  [C] [config.go:197]  /home/sheena/code/learn/go/base-project/app/controllers/students.go:27
2021/09/16 22:44:00.855  [C] [config.go:197]  /usr/local/go/src/reflect/value.go:476
2021/09/16 22:44:00.855  [C] [config.go:197]  /usr/local/go/src/reflect/value.go:337
2021/09/16 22:44:00.855  [C] [config.go:197]  /home/sheena/go/pkg/mod/github.com/beego/beego/v2@v2.0.1/server/web/router.go:883
2021/09/16 22:44:00.855  [C] [config.go:197]  /home/sheena/go/pkg/mod/github.com/beego/beego/v2@v2.0.1/server/web/filter.go:81
2021/09/16 22:44:00.855  [C] [config.go:197]  /home/sheena/go/pkg/mod/github.com/beego/beego/v2@v2.0.1/server/web/router.go:664
2021/09/16 22:44:00.855  [C] [config.go:197]  /usr/local/go/src/net/http/server.go:2867
2021/09/16 22:44:00.855  [C] [config.go:197]  /usr/local/go/src/net/http/server.go:1932
2021/09/16 22:44:00.855  [C] [config.go:197]  /usr/local/go/src/runtime/asm_amd64.s:1371
2021/09/16 22:44:38.620  [I] [parser.go:413]  generate router from comments
2021/09/16 22:44:38.620  [I] [server.go:241]  http server Running on http://:8080
2021/09/16 22:44:40.216  [I] [parser.go:85]  /home/sheena/code/learn/go/base-project/app/controllers no changed
2021/09/16 22:44:40.216  [I] [server.go:241]  http server Running on http://:8080
2021/09/16 22:44:41.715  [D] [router.go:955]  |      127.0.0.1|[97;42m 200 [0m|   2.025533ms|   match|[97;44m GET     [0m /v1/students   r:/v1/students/
2021/09/16 22:45:04.878  [I] [parser.go:413]  generate router from comments
2021/09/16 22:45:04.878  [I] [server.go:241]  http server Running on http://:8080
2021/09/16 22:45:06.449  [I] [parser.go:85]  /home/sheena/code/learn/go/base-project/app/controllers no changed
2021/09/16 22:45:06.449  [I] [server.go:241]  http server Running on http://:8080
2021/09/16 22:45:12.818  [I] [parser.go:413]  generate router from comments
2021/09/16 22:45:12.819  [I] [server.go:241]  http server Running on http://:8080
2021/09/16 22:45:14.419  [I] [parser.go:85]  /home/sheena/code/learn/go/base-project/app/controllers no changed
2021/09/16 22:45:14.419  [I] [server.go:241]  http server Running on http://:8080
2021/09/16 22:45:15.371  [D] [router.go:955]  |      127.0.0.1|[97;42m 200 [0m|   1.334325ms|   match|[97;44m GET     [0m /v1/students   r:/v1/students/
2021/09/16 22:46:45.575  [I] [parser.go:413]  generate router from comments
2021/09/16 22:46:45.575  [I] [server.go:241]  http server Running on http://:8080
2021/09/16 22:46:47.617  [I] [parser.go:413]  generate router from comments
2021/09/16 22:46:47.618  [I] [server.go:241]  http server Running on http://:8080
2021/09/16 22:46:51.726  [I] [parser.go:85]  /home/sheena/code/learn/go/base-project/app/controllers no changed
2021/09/16 22:46:51.726  [I] [server.go:241]  http server Running on http://:8080
2021/09/16 22:46:52.247  [I] [parser.go:85]  /home/sheena/code/learn/go/base-project/app/controllers no changed
2021/09/16 22:46:52.247  [I] [server.go:241]  http server Running on http://:8080
2021/09/16 22:46:55.782  [D] [router.go:955]  |      127.0.0.1|[97;42m 200 [0m|   1.401325ms|   match|[97;44m GET     [0m /v1/students   r:/v1/students/
2021/09/17 06:27:43.653  [I] [parser.go:413]  generate router from comments
2021/09/17 06:27:43.654  [I] [server.go:241]  http server Running on http://:8080
2021/09/17 06:27:45.356  [I] [parser.go:85]  /home/sheena/code/learn/go/base-project/app/controllers no changed
2021/09/17 06:27:45.356  [I] [server.go:241]  http server Running on http://:8080
2021/09/17 06:28:21.157  [I] [parser.go:413]  generate router from comments
2021/09/17 06:28:21.157  [I] [server.go:241]  http server Running on http://:8080
2021/09/17 06:28:22.952  [I] [parser.go:85]  /home/sheena/code/learn/go/base-project/app/controllers no changed
2021/09/17 06:28:22.952  [I] [server.go:241]  http server Running on http://:8080
2021/09/17 06:28:43.338  [D] [router.go:955]  |            ::1|[97;43m 404 [0m|    393.298µs| nomatch|[97;46m POST    [0m /administrations/students
2021/09/17 06:28:49.004  [D] [router.go:955]  |            ::1|[97;42m 200 [0m|    133.576µs|   match|[97;46m POST    [0m /v1/students   r:/v1/students/
2021/09/17 06:29:09.886  [I] [parser.go:413]  generate router from comments
2021/09/17 06:29:09.887  [I] [server.go:241]  http server Running on http://:8080
2021/09/17 06:29:11.555  [I] [parser.go:85]  /home/sheena/code/learn/go/base-project/app/controllers no changed
2021/09/17 06:29:11.555  [I] [server.go:241]  http server Running on http://:8080
2021/09/17 06:29:14.269  [D] [router.go:955]  |            ::1|[97;42m 200 [0m|    312.706µs|   match|[97;46m POST    [0m /v1/students   r:/v1/students/
2021/09/17 06:30:31.843  [I] [parser.go:413]  generate router from comments
2021/09/17 06:30:31.843  [I] [server.go:241]  http server Running on http://:8080
2021/09/17 06:30:33.505  [I] [parser.go:85]  /home/sheena/code/learn/go/base-project/app/controllers no changed
2021/09/17 06:30:33.505  [I] [server.go:241]  http server Running on http://:8080
2021/09/17 06:32:03.271  [I] [parser.go:413]  generate router from comments
2021/09/17 06:32:03.272  [I] [server.go:241]  http server Running on http://:8080
2021/09/17 06:32:04.903  [I] [parser.go:85]  /home/sheena/code/learn/go/base-project/app/controllers no changed
2021/09/17 06:32:04.903  [I] [server.go:241]  http server Running on http://:8080
2021/09/17 06:32:06.809  [C] [config.go:190]  the request url is  /v1/students
2021/09/17 06:32:06.809  [C] [config.go:191]  Handler crashed with error runtime error: invalid memory address or nil pointer dereference
2021/09/17 06:32:06.809  [C] [config.go:197]  /usr/local/go/src/runtime/panic.go:965
2021/09/17 06:32:06.809  [C] [config.go:197]  /usr/local/go/src/runtime/panic.go:212
2021/09/17 06:32:06.809  [C] [config.go:197]  /usr/local/go/src/runtime/signal_unix.go:734
2021/09/17 06:32:06.809  [C] [config.go:197]  /home/sheena/go/pkg/mod/gorm.io/gorm@v1.21.15/gorm.go:355
2021/09/17 06:32:06.809  [C] [config.go:197]  /home/sheena/go/pkg/mod/gorm.io/gorm@v1.21.15/finisher_api.go:159
2021/09/17 06:32:06.809  [C] [config.go:197]  /home/sheena/code/learn/go/base-project/app/controllers/students.go:32
2021/09/17 06:32:06.809  [C] [config.go:197]  /usr/local/go/src/reflect/value.go:476
2021/09/17 06:32:06.809  [C] [config.go:197]  /usr/local/go/src/reflect/value.go:337
2021/09/17 06:32:06.809  [C] [config.go:197]  /home/sheena/go/pkg/mod/github.com/beego/beego/v2@v2.0.1/server/web/router.go:883
2021/09/17 06:32:06.809  [C] [config.go:197]  /home/sheena/go/pkg/mod/github.com/beego/beego/v2@v2.0.1/server/web/filter.go:81
2021/09/17 06:32:06.809  [C] [config.go:197]  /home/sheena/go/pkg/mod/github.com/beego/beego/v2@v2.0.1/server/web/router.go:664
2021/09/17 06:32:06.809  [C] [config.go:197]  /usr/local/go/src/net/http/server.go:2867
2021/09/17 06:32:06.809  [C] [config.go:197]  /usr/local/go/src/net/http/server.go:1932
2021/09/17 06:32:06.809  [C] [config.go:197]  /usr/local/go/src/runtime/asm_amd64.s:1371
